<?xml version="1.0" encoding="UTF-8"?>
<!-- Generated by org.testng.reporters.JUnitReportReporter -->
<testsuite hostname="LTIN646906" failures="0" tests="2" name="MINITEStCASES.sanjitProject" time="2.407" errors="0" timestamp="2025-08-25T16:11:43 IST" skipped="0">
  <testcase classname="MINITEStCASES.sanjitProject" name="testSortByPriceLowToHigh" time="2.140"/>
  <testcase classname="MINITEStCASES.sanjitProject" name="testPrintTopResults" time="0.267"/>
</testsuite> <!-- MINITEStCASES.sanjitProject -->
