<?xml version="1.0" encoding="UTF-8"?>
<!-- Generated by org.testng.reporters.JUnitReportReporter -->
<testsuite hostname="LTIN646906" failures="0" tests="1" name="TestNg_practice.Animal" time="0.008" errors="0" timestamp="2025-09-04T12:12:20 IST" skipped="0">
  <testcase classname="TestNg_practice.Animal" name="colour" time="0.008"/>
</testsuite> <!-- TestNg_practice.Animal -->
