<?xml version="1.0" encoding="UTF-8"?>
<!-- Generated by org.testng.reporters.JUnitReportReporter -->
<testsuite hostname="LTIN646906" failures="0" tests="4" name="MINITEStCASES.Automation" time="5.191" errors="0" timestamp="2025-08-23T19:52:32 IST" skipped="0">
  <testcase classname="MINITEStCASES.Automation" name="openSignupForm" time="1.623"/>
  <testcase classname="MINITEStCASES.Automation" name="fillBasicDetails" time="0.387"/>
  <testcase classname="MINITEStCASES.Automation" name="selectDOBAndGender" time="0.756"/>
  <testcase classname="MINITEStCASES.Automation" name="validateErrorMessages" time="2.425"/>
</testsuite> <!-- MINITEStCASES.Automation -->
