<?xml version="1.0" encoding="UTF-8"?>
<!-- Generated by org.testng.reporters.JUnitReportReporter -->
<testsuite hostname="LTIN646906" failures="0" tests="1" name="TestNg_practice.Dog" time="0.002" errors="0" timestamp="2025-09-04T12:12:20 IST" skipped="0">
  <testcase classname="TestNg_practice.Dog" name="barking" time="0.002"/>
</testsuite> <!-- TestNg_practice.Dog -->
