<?xml version="1.0" encoding="UTF-8"?>
<!-- Generated by org.testng.reporters.JUnitReportReporter -->
<testsuite hostname="LTIN646906" failures="0" tests="2" name="seleniumpracticeprograms.google" time="1.318" errors="0" timestamp="2025-08-12T18:15:12 IST" skipped="0">
  <testcase classname="seleniumpracticeprograms.google" name="testCase2" time="0.162"/>
  <testcase classname="seleniumpracticeprograms.google" name="testCase1" time="1.156"/>
</testsuite> <!-- seleniumpracticeprograms.google -->
