<?xml version="1.0" encoding="UTF-8"?>
<!-- Generated by org.testng.reporters.JUnitReportReporter -->
<testsuite hostname="LTIN646906" failures="0" tests="3" name="MINITEStCASES.HARi" time="44.158" errors="0" timestamp="2025-08-23T19:32:45 IST" skipped="0">
  <testcase classname="MINITEStCASES.HARi" name="closeLoginPopup" time="0.204"/>
  <testcase classname="MINITEStCASES.HARi" name="validateOffersPageTitleAndScreenshot" time="9.518"/>
  <testcase classname="MINITEStCASES.HARi" name="exploreHolidayPackages" time="34.436"/>
</testsuite> <!-- MINITEStCASES.HARi -->
